timestamp: 2024-05-29T17:56:35.291584
CREATE TABLE "py4web_session"(
    "id" INTEGER PRIMARY KEY AUTOINCREMENT,
    "rkey" CHAR(512),
    "rvalue" TEXT,
    "expiration" INTEGER,
    "created_on" TIMESTAMP,
    "expires_on" TIMESTAMP
);
success!
timestamp: 2024-05-29T17:56:35.303235
CREATE TABLE "auth_user"(
    "id" INTEGER PRIMARY KEY AUTOINCREMENT,
    "email" CHAR(512) UNIQUE,
    "password" CHAR(512),
    "first_name" CHAR(512),
    "last_name" CHAR(512),
    "sso_id" CHAR(512),
    "action_token" CHAR(512),
    "last_password_change" TIMESTAMP,
    "past_passwords_hash" TEXT
);
success!
timestamp: 2024-05-29T17:56:35.318043
CREATE TABLE "auth_user_tag_groups"(
    "id" INTEGER PRIMARY KEY AUTOINCREMENT,
    "tagpath" CHAR(512),
    "record_id" INTEGER REFERENCES "auth_user" ("id") ON DELETE CASCADE ON UPDATE CASCADE  
);
success!
timestamp: 2024-05-29T17:56:35.325613
CREATE TABLE "species"(
    "id" INTEGER PRIMARY KEY AUTOINCREMENT,
    "specie" CHAR(512)
);
success!
timestamp: 2024-05-29T17:56:35.331426
CREATE TABLE "checklists"(
    "id" INTEGER PRIMARY KEY AUTOINCREMENT,
    "sei" CHAR(512),
    "latitude" CHAR(512),
    "longitude" CHAR(512),
    "date" CHAR(512),
    "time" CHAR(512),
    "observer_id" CHAR(512),
    "duration" CHAR(512),
    "user_id" CHAR(512)
);
success!
timestamp: 2024-05-29T17:56:35.336973
CREATE TABLE "sightings"(
    "id" INTEGER PRIMARY KEY AUTOINCREMENT,
    "sei" CHAR(512),
    "specie" CHAR(512),
    "count" CHAR(512),
    "favorite" CHAR(512)
);
success!
success!
timestamp: 2024-06-09T20:49:25.880369
ALTER TABLE "checklists" ADD "user_email" CHAR(512);
success!
timestamp: 2024-06-09T20:49:25.889841
ALTER TABLE "sightings" ADD "user_email" CHAR(512);
success!
success!
success!
success!
success!
timestamp: 2024-06-09T21:23:18.568077
CREATE TABLE "checklist_data"(
    "id" INTEGER PRIMARY KEY AUTOINCREMENT,
    "specie" CHAR(512),
    "total_count" INTEGER,
    "input" INTEGER
);
success!
